<?xml version="1.0" encoding="UTF-8"?>
<!-- Generated by org.testng.reporters.JUnitReportReporter -->
<testsuite skipped="0" hostname="LAPTOP-FMR2F5AL" name="org.maven.Maventest.SeleniumTest" tests="1" failures="0" timestamp="02 Jul 2022 12:33:53 GMT" time="0.788" errors="0">
  <testcase name="m1" time="0.788" classname="org.maven.Maventest.SeleniumTest"/>
</testsuite> <!-- org.maven.Maventest.SeleniumTest -->
