<?xml version="1.0" encoding="UTF-8"?>
<!-- Generated by org.testng.reporters.JUnitReportReporter -->
<testsuite skipped="0" hostname="LAPTOP-FMR2F5AL" name="org.maven.Maventest.Cucumber" tests="1" failures="0" timestamp="02 Jul 2022 04:32:12 GMT" time="0.042" errors="0">
  <testcase name="m2" time="0.042" classname="org.maven.Maventest.Cucumber"/>
</testsuite> <!-- org.maven.Maventest.Cucumber -->
