<?xml version="1.0" encoding="UTF-8"?>
<!-- Generated by org.testng.reporters.JUnitReportReporter -->
<testsuite skipped="0" hostname="LAPTOP-FMR2F5AL" name="org.maven.Maventest.CucumberTest" tests="1" failures="0" timestamp="04 Jul 2022 07:11:31 GMT" time="0.042" errors="0">
  <testcase name="m2" time="0.042" classname="org.maven.Maventest.CucumberTest"/>
</testsuite> <!-- org.maven.Maventest.CucumberTest -->
