<?xml version="1.0" encoding="UTF-8"?>
<!-- Generated by org.testng.reporters.JUnitReportReporter -->
<testsuite skipped="0" hostname="LAPTOP-FMR2F5AL" name="org.maven.Maventest.CucumberTest" tests="1" failures="0" timestamp="06 Jul 2022 16:02:16 GMT" time="0.102" errors="0">
  <testcase name="m2" time="0.102" classname="org.maven.Maventest.CucumberTest"/>
</testsuite> <!-- org.maven.Maventest.CucumberTest -->
